This file contains any messages produced by compilers while
running configure, to aid debugging if configure makes a mistake.

It was created by libfprint configure 0.0.6, which was
generated by GNU Autoconf 2.61.  Invocation command line was

  $ ./configure --prefix=/usr

## --------- ##
## Platform. ##
## --------- ##

hostname = aminipi
uname -m = armv6l
uname -r = 3.10.25+
uname -s = Linux
uname -v = #622 PREEMPT Fri Jan 3 18:41:00 GMT 2014

/usr/bin/uname -p = unknown
/bin/uname -X     = unknown

/bin/arch              = unknown
/usr/bin/arch -k       = unknown
/usr/convex/getsysinfo = unknown
/usr/bin/hostinfo      = unknown
/bin/machine           = unknown
/usr/bin/oslevel       = unknown
/bin/universe          = unknown

PATH: /usr/local/sbin
PATH: /usr/local/bin
PATH: /usr/sbin
PATH: /usr/bin
PATH: /sbin
PATH: /bin
PATH: /usr/local/games
PATH: /usr/games


## ----------- ##
## Core tests. ##
## ----------- ##

configure:2024: checking for a BSD-compatible install
configure:2080: result: /usr/bin/install -c
configure:2091: checking whether build environment is sane
configure:2134: result: yes
configure:2162: checking for a thread-safe mkdir -p
configure:2201: result: /bin/mkdir -p
configure:2214: checking for gawk
configure:2244: result: no
configure:2214: checking for mawk
configure:2230: found /usr/bin/mawk
configure:2241: result: mawk
configure:2252: checking whether make sets $(MAKE)
configure:2273: result: yes
configure:2514: checking for gcc
configure:2530: found /usr/bin/gcc
configure:2541: result: gcc
configure:2779: checking for C compiler version
configure:2786: gcc --version >&5
gcc (Debian 4.6.3-14+rpi1) 4.6.3
Copyright (C) 2011 Free Software Foundation, Inc.
This is free software; see the source for copying conditions.  There is NO
warranty; not even for MERCHANTABILITY or FITNESS FOR A PARTICULAR PURPOSE.

configure:2789: $? = 0
configure:2796: gcc -v >&5
Using built-in specs.
COLLECT_GCC=gcc
COLLECT_LTO_WRAPPER=/usr/lib/gcc/arm-linux-gnueabihf/4.6/lto-wrapper
Target: arm-linux-gnueabihf
Configured with: ../src/configure -v --with-pkgversion='Debian 4.6.3-14+rpi1' --with-bugurl=file:///usr/share/doc/gcc-4.6/README.Bugs --enable-languages=c,c++,fortran,objc,obj-c++ --prefix=/usr --program-suffix=-4.6 --enable-shared --enable-linker-build-id --with-system-zlib --libexecdir=/usr/lib --without-included-gettext --enable-threads=posix --with-gxx-include-dir=/usr/include/c++/4.6 --libdir=/usr/lib --enable-nls --with-sysroot=/ --enable-clocale=gnu --enable-libstdcxx-debug --enable-libstdcxx-time=yes --enable-gnu-unique-object --enable-plugin --enable-objc-gc --disable-sjlj-exceptions --with-arch=armv6 --with-fpu=vfp --with-float=hard --enable-checking=release --build=arm-linux-gnueabihf --host=arm-linux-gnueabihf --target=arm-linux-gnueabihf
Thread model: posix
gcc version 4.6.3 (Debian 4.6.3-14+rpi1) 
configure:2799: $? = 0
configure:2806: gcc -V >&5
gcc: error: unrecognized option '-V'
gcc: fatal error: no input files
compilation terminated.
configure:2809: $? = 4
configure:2832: checking for C compiler default output file name
configure:2859: gcc    conftest.c  >&5
configure:2862: $? = 0
configure:2900: result: a.out
configure:2917: checking whether the C compiler works
configure:2927: ./a.out
configure:2930: $? = 0
configure:2947: result: yes
configure:2954: checking whether we are cross compiling
configure:2956: result: no
configure:2959: checking for suffix of executables
configure:2966: gcc -o conftest    conftest.c  >&5
configure:2969: $? = 0
configure:2993: result: 
configure:2999: checking for suffix of object files
configure:3025: gcc -c   conftest.c >&5
configure:3028: $? = 0
configure:3051: result: o
configure:3055: checking whether we are using the GNU C compiler
configure:3084: gcc -c   conftest.c >&5
configure:3090: $? = 0
configure:3107: result: yes
configure:3112: checking whether gcc accepts -g
configure:3142: gcc -c -g  conftest.c >&5
configure:3148: $? = 0
configure:3247: result: yes
configure:3264: checking for gcc option to accept ISO C89
configure:3338: gcc  -c -g -O2  conftest.c >&5
configure:3344: $? = 0
configure:3367: result: none needed
configure:3396: checking for style of include used by make
configure:3424: result: GNU
configure:3449: checking dependency style of gcc
configure:3540: result: gcc3
configure:3633: checking build system type
configure:3651: result: armv6l-unknown-linux-gnueabi
configure:3673: checking host system type
configure:3688: result: armv6l-unknown-linux-gnueabi
configure:3710: checking for a sed that does not truncate output
configure:3766: result: /bin/sed
configure:3769: checking for grep that handles long lines and -e
configure:3843: result: /bin/grep
configure:3848: checking for egrep
configure:3926: result: /bin/grep -E
configure:3942: checking for ld used by gcc
configure:4009: result: /usr/bin/ld
configure:4018: checking if the linker (/usr/bin/ld) is GNU ld
configure:4033: result: yes
configure:4038: checking for /usr/bin/ld option to reload object files
configure:4045: result: -r
configure:4063: checking for BSD-compatible nm
configure:4112: result: /usr/bin/nm -B
configure:4116: checking whether ln -s works
configure:4120: result: yes
configure:4127: checking how to recognize dependent libraries
configure:4313: result: pass_all
configure:4558: checking how to run the C preprocessor
configure:4598: gcc -E  conftest.c
configure:4604: $? = 0
configure:4635: gcc -E  conftest.c
conftest.c:10:28: fatal error: ac_nonexistent.h: No such file or directory
compilation terminated.
configure:4641: $? = 1
configure: failed program was:
| /* confdefs.h.  */
| #define PACKAGE_NAME "libfprint"
| #define PACKAGE_TARNAME "libfprint"
| #define PACKAGE_VERSION "0.0.6"
| #define PACKAGE_STRING "libfprint 0.0.6"
| #define PACKAGE_BUGREPORT ""
| #define PACKAGE "libfprint"
| #define VERSION "0.0.6"
| /* end confdefs.h.  */
| #include <ac_nonexistent.h>
configure:4674: result: gcc -E
configure:4703: gcc -E  conftest.c
configure:4709: $? = 0
configure:4740: gcc -E  conftest.c
conftest.c:10:28: fatal error: ac_nonexistent.h: No such file or directory
compilation terminated.
configure:4746: $? = 1
configure: failed program was:
| /* confdefs.h.  */
| #define PACKAGE_NAME "libfprint"
| #define PACKAGE_TARNAME "libfprint"
| #define PACKAGE_VERSION "0.0.6"
| #define PACKAGE_STRING "libfprint 0.0.6"
| #define PACKAGE_BUGREPORT ""
| #define PACKAGE "libfprint"
| #define VERSION "0.0.6"
| /* end confdefs.h.  */
| #include <ac_nonexistent.h>
configure:4784: checking for ANSI C header files
configure:4814: gcc -c -g -O2  conftest.c >&5
configure:4820: $? = 0
configure:4919: gcc -o conftest -g -O2   conftest.c  >&5
configure:4922: $? = 0
configure:4928: ./conftest
configure:4931: $? = 0
configure:4948: result: yes
configure:4972: checking for sys/types.h
configure:4993: gcc -c -g -O2  conftest.c >&5
configure:4999: $? = 0
configure:5015: result: yes
configure:4972: checking for sys/stat.h
configure:4993: gcc -c -g -O2  conftest.c >&5
configure:4999: $? = 0
configure:5015: result: yes
configure:4972: checking for stdlib.h
configure:4993: gcc -c -g -O2  conftest.c >&5
configure:4999: $? = 0
configure:5015: result: yes
configure:4972: checking for string.h
configure:4993: gcc -c -g -O2  conftest.c >&5
configure:4999: $? = 0
configure:5015: result: yes
configure:4972: checking for memory.h
configure:4993: gcc -c -g -O2  conftest.c >&5
configure:4999: $? = 0
configure:5015: result: yes
configure:4972: checking for strings.h
configure:4993: gcc -c -g -O2  conftest.c >&5
configure:4999: $? = 0
configure:5015: result: yes
configure:4972: checking for inttypes.h
configure:4993: gcc -c -g -O2  conftest.c >&5
configure:4999: $? = 0
configure:5015: result: yes
configure:4972: checking for stdint.h
configure:4993: gcc -c -g -O2  conftest.c >&5
configure:4999: $? = 0
configure:5015: result: yes
configure:4972: checking for unistd.h
configure:4993: gcc -c -g -O2  conftest.c >&5
configure:4999: $? = 0
configure:5015: result: yes
configure:5042: checking dlfcn.h usability
configure:5059: gcc -c -g -O2  conftest.c >&5
configure:5065: $? = 0
configure:5079: result: yes
configure:5083: checking dlfcn.h presence
configure:5098: gcc -E  conftest.c
configure:5104: $? = 0
configure:5118: result: yes
configure:5146: checking for dlfcn.h
configure:5154: result: yes
configure:5225: checking for g++
configure:5241: found /usr/bin/g++
configure:5252: result: g++
configure:5283: checking for C++ compiler version
configure:5290: g++ --version >&5
g++ (Debian 4.6.3-14+rpi1) 4.6.3
Copyright (C) 2011 Free Software Foundation, Inc.
This is free software; see the source for copying conditions.  There is NO
warranty; not even for MERCHANTABILITY or FITNESS FOR A PARTICULAR PURPOSE.

configure:5293: $? = 0
configure:5300: g++ -v >&5
Using built-in specs.
COLLECT_GCC=g++
COLLECT_LTO_WRAPPER=/usr/lib/gcc/arm-linux-gnueabihf/4.6/lto-wrapper
Target: arm-linux-gnueabihf
Configured with: ../src/configure -v --with-pkgversion='Debian 4.6.3-14+rpi1' --with-bugurl=file:///usr/share/doc/gcc-4.6/README.Bugs --enable-languages=c,c++,fortran,objc,obj-c++ --prefix=/usr --program-suffix=-4.6 --enable-shared --enable-linker-build-id --with-system-zlib --libexecdir=/usr/lib --without-included-gettext --enable-threads=posix --with-gxx-include-dir=/usr/include/c++/4.6 --libdir=/usr/lib --enable-nls --with-sysroot=/ --enable-clocale=gnu --enable-libstdcxx-debug --enable-libstdcxx-time=yes --enable-gnu-unique-object --enable-plugin --enable-objc-gc --disable-sjlj-exceptions --with-arch=armv6 --with-fpu=vfp --with-float=hard --enable-checking=release --build=arm-linux-gnueabihf --host=arm-linux-gnueabihf --target=arm-linux-gnueabihf
Thread model: posix
gcc version 4.6.3 (Debian 4.6.3-14+rpi1) 
configure:5303: $? = 0
configure:5310: g++ -V >&5
g++: error: unrecognized option '-V'
g++: fatal error: no input files
compilation terminated.
configure:5313: $? = 4
configure:5316: checking whether we are using the GNU C++ compiler
configure:5345: g++ -c   conftest.cpp >&5
configure:5351: $? = 0
configure:5368: result: yes
configure:5373: checking whether g++ accepts -g
configure:5403: g++ -c -g  conftest.cpp >&5
configure:5409: $? = 0
configure:5508: result: yes
configure:5533: checking dependency style of g++
configure:5624: result: gcc3
configure:5649: checking how to run the C++ preprocessor
configure:5685: g++ -E  conftest.cpp
configure:5691: $? = 0
configure:5722: g++ -E  conftest.cpp
conftest.cpp:21:28: fatal error: ac_nonexistent.h: No such file or directory
compilation terminated.
configure:5728: $? = 1
configure: failed program was:
| /* confdefs.h.  */
| #define PACKAGE_NAME "libfprint"
| #define PACKAGE_TARNAME "libfprint"
| #define PACKAGE_VERSION "0.0.6"
| #define PACKAGE_STRING "libfprint 0.0.6"
| #define PACKAGE_BUGREPORT ""
| #define PACKAGE "libfprint"
| #define VERSION "0.0.6"
| #define STDC_HEADERS 1
| #define HAVE_SYS_TYPES_H 1
| #define HAVE_SYS_STAT_H 1
| #define HAVE_STDLIB_H 1
| #define HAVE_STRING_H 1
| #define HAVE_MEMORY_H 1
| #define HAVE_STRINGS_H 1
| #define HAVE_INTTYPES_H 1
| #define HAVE_STDINT_H 1
| #define HAVE_UNISTD_H 1
| #define HAVE_DLFCN_H 1
| /* end confdefs.h.  */
| #include <ac_nonexistent.h>
configure:5761: result: g++ -E
configure:5790: g++ -E  conftest.cpp
configure:5796: $? = 0
configure:5827: g++ -E  conftest.cpp
conftest.cpp:21:28: fatal error: ac_nonexistent.h: No such file or directory
compilation terminated.
configure:5833: $? = 1
configure: failed program was:
| /* confdefs.h.  */
| #define PACKAGE_NAME "libfprint"
| #define PACKAGE_TARNAME "libfprint"
| #define PACKAGE_VERSION "0.0.6"
| #define PACKAGE_STRING "libfprint 0.0.6"
| #define PACKAGE_BUGREPORT ""
| #define PACKAGE "libfprint"
| #define VERSION "0.0.6"
| #define STDC_HEADERS 1
| #define HAVE_SYS_TYPES_H 1
| #define HAVE_SYS_STAT_H 1
| #define HAVE_STDLIB_H 1
| #define HAVE_STRING_H 1
| #define HAVE_MEMORY_H 1
| #define HAVE_STRINGS_H 1
| #define HAVE_INTTYPES_H 1
| #define HAVE_STDINT_H 1
| #define HAVE_UNISTD_H 1
| #define HAVE_DLFCN_H 1
| /* end confdefs.h.  */
| #include <ac_nonexistent.h>
configure:5926: checking for g77
configure:5956: result: no
configure:5926: checking for xlf
configure:5956: result: no
configure:5926: checking for f77
configure:5956: result: no
configure:5926: checking for frt
configure:5956: result: no
configure:5926: checking for pgf77
configure:5956: result: no
configure:5926: checking for cf77
configure:5956: result: no
configure:5926: checking for fort77
configure:5956: result: no
configure:5926: checking for fl32
configure:5956: result: no
configure:5926: checking for af77
configure:5956: result: no
configure:5926: checking for xlf90
configure:5956: result: no
configure:5926: checking for f90
configure:5956: result: no
configure:5926: checking for pgf90
configure:5956: result: no
configure:5926: checking for pghpf
configure:5956: result: no
configure:5926: checking for epcf90
configure:5956: result: no
configure:5926: checking for gfortran
configure:5956: result: no
configure:5926: checking for g95
configure:5956: result: no
configure:5926: checking for xlf95
configure:5956: result: no
configure:5926: checking for f95
configure:5956: result: no
configure:5926: checking for fort
configure:5956: result: no
configure:5926: checking for ifort
configure:5956: result: no
configure:5926: checking for ifc
configure:5956: result: no
configure:5926: checking for efc
configure:5956: result: no
configure:5926: checking for pgf95
configure:5956: result: no
configure:5926: checking for lf95
configure:5956: result: no
configure:5926: checking for ftn
configure:5956: result: no
configure:5983: checking for Fortran 77 compiler version
configure:5990:  --version >&5
./configure: line 5991: --version: command not found
configure:5993: $? = 127
configure:6000:  -v >&5
./configure: line 6001: -v: command not found
configure:6003: $? = 127
configure:6010:  -V >&5
./configure: line 6011: -V: command not found
configure:6013: $? = 127
configure:6021: checking whether we are using the GNU Fortran 77 compiler
configure:6040:  -c  conftest.F >&5
./configure: line 6041: -c: command not found
configure:6046: $? = 127
configure: failed program was:
|       program main
| #ifndef __GNUC__
|        choke me
| #endif
| 
|       end
configure:6063: result: no
configure:6069: checking whether  accepts -g
configure:6086:  -c -g conftest.f >&5
./configure: line 6087: -c: command not found
configure:6092: $? = 127
configure: failed program was:
|       program main
| 
|       end
configure:6108: result: no
configure:6137: checking the maximum length of command line arguments
configure:6249: result: 1572864
configure:6261: checking command to parse /usr/bin/nm -B output from gcc object
configure:6366: gcc -c -g -O2  conftest.c >&5
configure:6369: $? = 0
configure:6373: /usr/bin/nm -B conftest.o \| sed -n -e 's/^.*[ 	]\([ABCDGIRSTW][ABCDGIRSTW]*\)[ 	][ 	]*\([_A-Za-z][_A-Za-z0-9]*\)$/\1 \2 \2/p' \> conftest.nm
configure:6376: $? = 0
configure:6428: gcc -o conftest -g -O2   conftest.c conftstm.o >&5
configure:6431: $? = 0
configure:6469: result: ok
configure:6473: checking for objdir
configure:6488: result: .libs
configure:6580: checking for ar
configure:6596: found /usr/bin/ar
configure:6607: result: ar
configure:6676: checking for ranlib
configure:6692: found /usr/bin/ranlib
configure:6703: result: ranlib
configure:6772: checking for strip
configure:6788: found /usr/bin/strip
configure:6799: result: strip
configure:7348: checking for correct ltmain.sh version
configure:7398: result: yes
configure:7458: checking if gcc supports -fno-rtti -fno-exceptions
configure:7476: gcc -c -g -O2  -fno-rtti -fno-exceptions conftest.c >&5
cc1: warning: command line option '-fno-rtti' is valid for C++/ObjC++ but not for C [enabled by default]
configure:7480: $? = 0
configure:7493: result: no
configure:7508: checking for gcc option to produce PIC
configure:7740: result: -fPIC
configure:7748: checking if gcc PIC flag -fPIC works
configure:7766: gcc -c -g -O2  -fPIC -DPIC conftest.c >&5
configure:7770: $? = 0
configure:7783: result: yes
configure:7811: checking if gcc static flag -static works
configure:7839: result: yes
configure:7849: checking if gcc supports -c -o file.o
configure:7870: gcc -c -g -O2  -o out/conftest2.o conftest.c >&5
configure:7874: $? = 0
configure:7896: result: yes
configure:7922: checking whether the gcc linker (/usr/bin/ld) supports shared libraries
configure:8902: result: yes
configure:8923: checking whether -lc should be explicitly linked in
configure:8928: gcc -c -g -O2  conftest.c >&5
configure:8931: $? = 0
configure:8946: gcc -shared conftest.o  -v -Wl,-soname -Wl,conftest -o conftest 2\>\&1 \| grep  -lc  \>/dev/null 2\>\&1
configure:8949: $? = 0
configure:8961: result: no
configure:8969: checking dynamic linker characteristics
configure:9584: result: GNU/Linux ld.so
configure:9608: checking how to hardcode library paths into programs
configure:9633: result: immediate
configure:9647: checking whether stripping libraries is possible
configure:9652: result: yes
configure:10454: checking if libtool supports shared libraries
configure:10456: result: yes
configure:10459: checking whether to build shared libraries
configure:10480: result: yes
configure:10483: checking whether to build static libraries
configure:10487: result: yes
configure:10581: creating libtool
configure:11174: checking for ld used by g++
configure:11241: result: /usr/bin/ld
configure:11250: checking if the linker (/usr/bin/ld) is GNU ld
configure:11265: result: yes
configure:11316: checking whether the g++ linker (/usr/bin/ld) supports shared libraries
configure:12262: result: yes
configure:12279: g++ -c -g -O2  conftest.cpp >&5
configure:12282: $? = 0
configure:12438: checking for g++ option to produce PIC
configure:12722: result: -fPIC
configure:12730: checking if g++ PIC flag -fPIC works
configure:12748: g++ -c -g -O2  -fPIC -DPIC conftest.cpp >&5
configure:12752: $? = 0
configure:12765: result: yes
configure:12793: checking if g++ static flag -static works
configure:12821: result: yes
configure:12831: checking if g++ supports -c -o file.o
configure:12852: g++ -c -g -O2  -o out/conftest2.o conftest.cpp >&5
configure:12856: $? = 0
configure:12878: result: yes
configure:12904: checking whether the g++ linker (/usr/bin/ld) supports shared libraries
configure:12930: result: yes
configure:12997: checking dynamic linker characteristics
configure:13560: result: GNU/Linux ld.so
configure:13584: checking how to hardcode library paths into programs
configure:13609: result: immediate
configure:19856: checking for inline
configure:19882: gcc -c -g -O2  conftest.c >&5
configure:19888: $? = 0
configure:19906: result: inline
configure:19926: checking whether gcc and cc understand -c and -o together
configure:19961: gcc -c conftest.c -o conftest2.o >&5
configure:19964: $? = 0
configure:19970: gcc -c conftest.c -o conftest2.o >&5
configure:19973: $? = 0
configure:19984: cc -c conftest.c >&5
configure:19987: $? = 0
configure:19995: cc -c conftest.c -o conftest2.o >&5
configure:19998: $? = 0
configure:20004: cc -c conftest.c -o conftest2.o >&5
configure:20007: $? = 0
configure:20025: result: yes
configure:20109: checking for pkg-config
configure:20127: found /usr/bin/pkg-config
configure:20139: result: /usr/bin/pkg-config
configure:20168: checking pkg-config is at least version 0.9.0
configure:20171: result: yes
configure:20182: checking for LIBUSB
configure:20190: $PKG_CONFIG --exists --print-errors ""libusb""
configure:20193: $? = 0
configure:20208: $PKG_CONFIG --exists --print-errors ""libusb""
configure:20211: $? = 0
configure:20287: result: yes
configure:20297: checking for CRYPTO
configure:20305: $PKG_CONFIG --exists --print-errors ""libcrypto""
configure:20308: $? = 0
configure:20323: $PKG_CONFIG --exists --print-errors ""libcrypto""
configure:20326: $? = 0
configure:20402: result: yes
configure:20411: checking for GLIB
configure:20419: $PKG_CONFIG --exists --print-errors ""glib-2.0""
configure:20422: $? = 0
configure:20437: $PKG_CONFIG --exists --print-errors ""glib-2.0""
configure:20440: $? = 0
configure:20516: result: yes
configure:20525: checking for IMAGEMAGICK
configure:20533: $PKG_CONFIG --exists --print-errors ""ImageMagick""
configure:20536: $? = 0
configure:20551: $PKG_CONFIG --exists --print-errors ""ImageMagick""
configure:20554: $? = 0
configure:20630: result: yes
configure:20921: creating ./config.status

## ---------------------- ##
## Running config.status. ##
## ---------------------- ##

This file was extended by libfprint config.status 0.0.6, which was
generated by GNU Autoconf 2.61.  Invocation command line was

  CONFIG_FILES    = 
  CONFIG_HEADERS  = 
  CONFIG_LINKS    = 
  CONFIG_COMMANDS = 
  $ ./config.status 

on aminipi

config.status:687: creating libfprint.pc
config.status:687: creating Makefile
config.status:687: creating libfprint/Makefile
config.status:687: creating examples/Makefile
config.status:687: creating doc/Makefile
config.status:687: creating config.h
config.status:963: executing depfiles commands

## ---------------- ##
## Cache variables. ##
## ---------------- ##

ac_cv_build=armv6l-unknown-linux-gnueabi
ac_cv_c_compiler_gnu=yes
ac_cv_c_inline=inline
ac_cv_cxx_compiler_gnu=yes
ac_cv_env_CCC_set=
ac_cv_env_CCC_value=
ac_cv_env_CC_set=
ac_cv_env_CC_value=
ac_cv_env_CFLAGS_set=
ac_cv_env_CFLAGS_value=
ac_cv_env_CPPFLAGS_set=
ac_cv_env_CPPFLAGS_value=
ac_cv_env_CPP_set=
ac_cv_env_CPP_value=
ac_cv_env_CRYPTO_CFLAGS_set=
ac_cv_env_CRYPTO_CFLAGS_value=
ac_cv_env_CRYPTO_LIBS_set=
ac_cv_env_CRYPTO_LIBS_value=
ac_cv_env_CXXCPP_set=
ac_cv_env_CXXCPP_value=
ac_cv_env_CXXFLAGS_set=
ac_cv_env_CXXFLAGS_value=
ac_cv_env_CXX_set=
ac_cv_env_CXX_value=
ac_cv_env_F77_set=
ac_cv_env_F77_value=
ac_cv_env_FFLAGS_set=
ac_cv_env_FFLAGS_value=
ac_cv_env_GLIB_CFLAGS_set=
ac_cv_env_GLIB_CFLAGS_value=
ac_cv_env_GLIB_LIBS_set=
ac_cv_env_GLIB_LIBS_value=
ac_cv_env_IMAGEMAGICK_CFLAGS_set=
ac_cv_env_IMAGEMAGICK_CFLAGS_value=
ac_cv_env_IMAGEMAGICK_LIBS_set=
ac_cv_env_IMAGEMAGICK_LIBS_value=
ac_cv_env_LDFLAGS_set=
ac_cv_env_LDFLAGS_value=
ac_cv_env_LIBS_set=
ac_cv_env_LIBS_value=
ac_cv_env_LIBUSB_CFLAGS_set=
ac_cv_env_LIBUSB_CFLAGS_value=
ac_cv_env_LIBUSB_LIBS_set=
ac_cv_env_LIBUSB_LIBS_value=
ac_cv_env_PKG_CONFIG_set=
ac_cv_env_PKG_CONFIG_value=
ac_cv_env_build_alias_set=
ac_cv_env_build_alias_value=
ac_cv_env_host_alias_set=
ac_cv_env_host_alias_value=
ac_cv_env_target_alias_set=
ac_cv_env_target_alias_value=
ac_cv_f77_compiler_gnu=no
ac_cv_header_dlfcn_h=yes
ac_cv_header_inttypes_h=yes
ac_cv_header_memory_h=yes
ac_cv_header_stdc=yes
ac_cv_header_stdint_h=yes
ac_cv_header_stdlib_h=yes
ac_cv_header_string_h=yes
ac_cv_header_strings_h=yes
ac_cv_header_sys_stat_h=yes
ac_cv_header_sys_types_h=yes
ac_cv_header_unistd_h=yes
ac_cv_host=armv6l-unknown-linux-gnueabi
ac_cv_objext=o
ac_cv_path_EGREP='/bin/grep -E'
ac_cv_path_GREP=/bin/grep
ac_cv_path_ac_pt_PKG_CONFIG=/usr/bin/pkg-config
ac_cv_path_install='/usr/bin/install -c'
ac_cv_path_mkdir=/bin/mkdir
ac_cv_prog_AWK=mawk
ac_cv_prog_CPP='gcc -E'
ac_cv_prog_CXXCPP='g++ -E'
ac_cv_prog_ac_ct_AR=ar
ac_cv_prog_ac_ct_CC=gcc
ac_cv_prog_ac_ct_CXX=g++
ac_cv_prog_ac_ct_RANLIB=ranlib
ac_cv_prog_ac_ct_STRIP=strip
ac_cv_prog_cc_c89=
ac_cv_prog_cc_g=yes
ac_cv_prog_cc_gcc_c_o=yes
ac_cv_prog_cxx_g=yes
ac_cv_prog_f77_g=no
ac_cv_prog_make_make_set=yes
am_cv_CC_dependencies_compiler_type=gcc3
am_cv_CXX_dependencies_compiler_type=gcc3
lt_cv_deplibs_check_method=pass_all
lt_cv_file_magic_cmd='$MAGIC_CMD'
lt_cv_file_magic_test_file=
lt_cv_ld_reload_flag=-r
lt_cv_objdir=.libs
lt_cv_path_LD=/usr/bin/ld
lt_cv_path_LDCXX=/usr/bin/ld
lt_cv_path_NM='/usr/bin/nm -B'
lt_cv_path_SED=/bin/sed
lt_cv_prog_compiler_c_o=yes
lt_cv_prog_compiler_c_o_CXX=yes
lt_cv_prog_compiler_pic_works=yes
lt_cv_prog_compiler_pic_works_CXX=yes
lt_cv_prog_compiler_rtti_exceptions=no
lt_cv_prog_compiler_static_works=yes
lt_cv_prog_compiler_static_works_CXX=yes
lt_cv_prog_gnu_ld=yes
lt_cv_prog_gnu_ldcxx=yes
lt_cv_sys_global_symbol_pipe='sed -n -e '\''s/^.*[ 	]\([ABCDGIRSTW][ABCDGIRSTW]*\)[ 	][ 	]*\([_A-Za-z][_A-Za-z0-9]*\)$/\1 \2 \2/p'\'''
lt_cv_sys_global_symbol_to_c_name_address='sed -n -e '\''s/^: \([^ ]*\) $/  {\"\1\", (lt_ptr) 0},/p'\'' -e '\''s/^[BCDEGRST] \([^ ]*\) \([^ ]*\)$/  {"\2", (lt_ptr) \&\2},/p'\'''
lt_cv_sys_global_symbol_to_cdecl='sed -n -e '\''s/^. .* \(.*\)$/extern int \1;/p'\'''
lt_cv_sys_lib_dlsearch_path_spec='/lib /usr/lib /opt/vc/lib /lib/arm-linux-gnueabihf /usr/lib/arm-linux-gnueabihf /usr/local/lib '
lt_cv_sys_lib_search_path_spec='/usr/lib/gcc/arm-linux-gnueabihf/4.6 /usr/lib/arm-linux-gnueabihf /usr/lib /lib/arm-linux-gnueabihf /lib'
lt_cv_sys_max_cmd_len=1572864
lt_lt_cv_prog_compiler_c_o='"yes"'
lt_lt_cv_prog_compiler_c_o_CXX='"yes"'
lt_lt_cv_sys_global_symbol_pipe='"sed -n -e '\''s/^.*[ 	]\\([ABCDGIRSTW][ABCDGIRSTW]*\\)[ 	][ 	]*\\([_A-Za-z][_A-Za-z0-9]*\\)\$/\\1 \\2 \\2/p'\''"'
lt_lt_cv_sys_global_symbol_to_c_name_address='"sed -n -e '\''s/^: \\([^ ]*\\) \$/  {\\\"\\1\\\", (lt_ptr) 0},/p'\'' -e '\''s/^[BCDEGRST] \\([^ ]*\\) \\([^ ]*\\)\$/  {\"\\2\", (lt_ptr) \\&\\2},/p'\''"'
lt_lt_cv_sys_global_symbol_to_cdecl='"sed -n -e '\''s/^. .* \\(.*\\)\$/extern int \\1;/p'\''"'
pkg_cv_CRYPTO_CFLAGS=' '
pkg_cv_CRYPTO_LIBS='-lcrypto  '
pkg_cv_GLIB_CFLAGS='-I/usr/include/glib-2.0 -I/usr/lib/arm-linux-gnueabihf/glib-2.0/include  '
pkg_cv_GLIB_LIBS='-lglib-2.0  '
pkg_cv_IMAGEMAGICK_CFLAGS='-fopenmp -I/usr/include/ImageMagick  '
pkg_cv_IMAGEMAGICK_LIBS='-lMagickCore  '
pkg_cv_LIBUSB_CFLAGS=' '
pkg_cv_LIBUSB_LIBS='-lusb  '

## ----------------- ##
## Output variables. ##
## ----------------- ##

ACLOCAL='${SHELL} /home/pi/www/libs/libfprint-0.0.6/missing --run aclocal-1.10'
AMDEPBACKSLASH='\'
AMDEP_FALSE='#'
AMDEP_TRUE=''
AMTAR='${SHELL} /home/pi/www/libs/libfprint-0.0.6/missing --run tar'
AM_CFLAGS='-std=gnu99 -fgnu89-inline -Wall -Wundef -Wunused -Wstrict-prototypes -Werror-implicit-function-declaration -Wno-pointer-sign -Wshadow'
AR='ar'
AUTOCONF='${SHELL} /home/pi/www/libs/libfprint-0.0.6/missing --run autoconf'
AUTOHEADER='${SHELL} /home/pi/www/libs/libfprint-0.0.6/missing --run autoheader'
AUTOMAKE='${SHELL} /home/pi/www/libs/libfprint-0.0.6/missing --run automake-1.10'
AWK='mawk'
BUILD_EXAMPLES_FALSE=''
BUILD_EXAMPLES_TRUE='#'
BUILD_X11_EXAMPLES_FALSE=''
BUILD_X11_EXAMPLES_TRUE='#'
CC='gcc'
CCDEPMODE='depmode=gcc3'
CFLAGS='-g -O2'
CPP='gcc -E'
CPPFLAGS=''
CRYPTO_CFLAGS=' '
CRYPTO_LIBS='-lcrypto  '
CXX='g++'
CXXCPP='g++ -E'
CXXDEPMODE='depmode=gcc3'
CXXFLAGS='-g -O2'
CYGPATH_W='echo'
DEFS='-DHAVE_CONFIG_H'
DEPDIR='.deps'
DSYMUTIL=''
ECHO='echo'
ECHO_C=''
ECHO_N='-n'
ECHO_T=''
EGREP='/bin/grep -E'
EXEEXT=''
F77=''
FFLAGS=''
GLIB_CFLAGS='-I/usr/include/glib-2.0 -I/usr/lib/arm-linux-gnueabihf/glib-2.0/include  '
GLIB_LIBS='-lglib-2.0  '
GREP='/bin/grep'
IMAGEMAGICK_CFLAGS='-fopenmp -I/usr/include/ImageMagick  '
IMAGEMAGICK_LIBS='-lMagickCore  '
INSTALL_DATA='${INSTALL} -m 644'
INSTALL_PROGRAM='${INSTALL}'
INSTALL_SCRIPT='${INSTALL}'
INSTALL_STRIP_PROGRAM='$(install_sh) -c -s'
LDFLAGS=''
LIBOBJS=''
LIBS=''
LIBTOOL='$(SHELL) $(top_builddir)/libtool'
LIBUSB_CFLAGS=' '
LIBUSB_LIBS='-lusb  '
LN_S='ln -s'
LTLIBOBJS=''
MAKEINFO='${SHELL} /home/pi/www/libs/libfprint-0.0.6/missing --run makeinfo'
NMEDIT=''
OBJEXT='o'
PACKAGE='libfprint'
PACKAGE_BUGREPORT=''
PACKAGE_NAME='libfprint'
PACKAGE_STRING='libfprint 0.0.6'
PACKAGE_TARNAME='libfprint'
PACKAGE_VERSION='0.0.6'
PATH_SEPARATOR=':'
PKG_CONFIG='/usr/bin/pkg-config'
RANLIB='ranlib'
SED='/bin/sed'
SET_MAKE=''
SHELL='/bin/bash'
STRIP='strip'
VERSION='0.0.6'
XV_CFLAGS=''
XV_LIBS=''
ac_ct_CC='gcc'
ac_ct_CXX='g++'
ac_ct_F77=''
am__fastdepCC_FALSE='#'
am__fastdepCC_TRUE=''
am__fastdepCXX_FALSE='#'
am__fastdepCXX_TRUE=''
am__include='include'
am__isrc=''
am__leading_dot='.'
am__quote=''
am__tar='${AMTAR} chof - "$$tardir"'
am__untar='${AMTAR} xf -'
bindir='${exec_prefix}/bin'
build='armv6l-unknown-linux-gnueabi'
build_alias=''
build_cpu='armv6l'
build_os='linux-gnueabi'
build_vendor='unknown'
datadir='${datarootdir}'
datarootdir='${prefix}/share'
docdir='${datarootdir}/doc/${PACKAGE_TARNAME}'
dvidir='${docdir}'
exec_prefix='${prefix}'
host='armv6l-unknown-linux-gnueabi'
host_alias=''
host_cpu='armv6l'
host_os='linux-gnueabi'
host_vendor='unknown'
htmldir='${docdir}'
includedir='${prefix}/include'
infodir='${datarootdir}/info'
install_sh='$(SHELL) /home/pi/www/libs/libfprint-0.0.6/install-sh'
libdir='${exec_prefix}/lib'
libexecdir='${exec_prefix}/libexec'
localedir='${datarootdir}/locale'
localstatedir='${prefix}/var'
lt_age='0'
lt_major='0'
lt_revision='0'
mandir='${datarootdir}/man'
mkdir_p='/bin/mkdir -p'
oldincludedir='/usr/include'
pdfdir='${docdir}'
prefix='/usr'
program_transform_name='s,x,x,'
psdir='${docdir}'
sbindir='${exec_prefix}/sbin'
sharedstatedir='${prefix}/com'
sysconfdir='${prefix}/etc'
target_alias=''

## ----------- ##
## confdefs.h. ##
## ----------- ##

#define PACKAGE_NAME "libfprint"
#define PACKAGE_TARNAME "libfprint"
#define PACKAGE_VERSION "0.0.6"
#define PACKAGE_STRING "libfprint 0.0.6"
#define PACKAGE_BUGREPORT ""
#define PACKAGE "libfprint"
#define VERSION "0.0.6"
#define STDC_HEADERS 1
#define HAVE_SYS_TYPES_H 1
#define HAVE_SYS_STAT_H 1
#define HAVE_STDLIB_H 1
#define HAVE_STRING_H 1
#define HAVE_MEMORY_H 1
#define HAVE_STRINGS_H 1
#define HAVE_INTTYPES_H 1
#define HAVE_STDINT_H 1
#define HAVE_UNISTD_H 1
#define HAVE_DLFCN_H 1
#define ENABLE_LOGGING 1
#define API_EXPORTED __attribute__((visibility("default")))

configure: exit 0
